<?xml version="1.0" encoding="UTF-8"?>
<testng-results skipped="0" failed="0" ignored="0" total="1" passed="1">
  <reporter-output>
  </reporter-output>
  <suite name="Suite" duration-ms="19194" started-at="2021-01-11T17:41:05Z" finished-at="2021-01-11T17:41:24Z">
    <groups>
    </groups>
    <test name="Test" duration-ms="19194" started-at="2021-01-11T17:41:05Z" finished-at="2021-01-11T17:41:24Z">
      <class name="RideCellSkillTest.RideCellSkillTest.IntegrationTests1">
        <test-method status="PASS" signature="setup()[pri:0, instance:RideCellSkillTest.RideCellSkillTest.IntegrationTests1@2016f509]" name="setup" is-config="true" duration-ms="6032" started-at="2021-01-11T17:41:05Z" finished-at="2021-01-11T17:41:11Z">
          <reporter-output>
          </reporter-output>
        </test-method> <!-- setup -->
        <test-method status="PASS" signature="repositoryDetailsTest(java.lang.reflect.Method)[pri:0, instance:RideCellSkillTest.RideCellSkillTest.IntegrationTests1@2016f509]" name="repositoryDetailsTest" duration-ms="10798" started-at="2021-01-11T17:41:11Z" finished-at="2021-01-11T17:41:21Z">
          <params>
            <param index="0">
              <value>
                <![CDATA[public void RideCellSkillTest.RideCellSkillTest.IntegrationTests1.repositoryDetailsTest(java.lang.reflect.Method)]]>
              </value>
            </param>
          </params>
          <reporter-output>
          </reporter-output>
        </test-method> <!-- repositoryDetailsTest -->
        <test-method status="PASS" signature="TearDown()[pri:0, instance:RideCellSkillTest.RideCellSkillTest.IntegrationTests1@2016f509]" name="TearDown" is-config="true" duration-ms="2334" started-at="2021-01-11T17:41:21Z" finished-at="2021-01-11T17:41:24Z">
          <reporter-output>
          </reporter-output>
        </test-method> <!-- TearDown -->
      </class> <!-- RideCellSkillTest.RideCellSkillTest.IntegrationTests1 -->
    </test> <!-- Test -->
  </suite> <!-- Suite -->
</testng-results>
